# JRE version: Java(TM) SE Runtime Environment (17.0.11+7) (build 17.0.11+7-LTS-207)
# Java VM: Java HotSpot(TM) 64-Bit Server VM (17.0.11+7-LTS-207, mixed mode, sharing, tiered, compressed oops, compressed class ptrs, g1 gc, windows-amd64)
GC Precious Log:
 CPUs: 8 total, 8 available
 Memory: 7915M
 Large Page Support: Disabled
 NUMA Support: Disabled
 Compressed Oops: Enabled (32-bit)
 Heap Region Size: 1M
 Heap Min Capacity: 8M
 Heap Initial Capacity: 124M
 Heap Max Capacity: 1980M
 Pre-touch: Disabled
 Parallel Workers: 8
 Concurrent Workers: 2
 Concurrent Refinement Workers: 8
 Periodic GC: Disabled
Heap:
 garbage-first heap   total 51200K, used 27760K [0x0000000084400000, 0x0000000100000000)
  region size 1024K, 4 young (4096K), 2 survivors (2048K)
 Metaspace       used 66374K, committed 66944K, reserved 1114112K
  class space    used 9266K, committed 9536K, reserved 1048576K
GC Heap History (20 events):
Event: 14.900 GC heap before
{Heap before GC invocations=12 (full 0):
 garbage-first heap   total 51200K, used 39594K [0x0000000084400000, 0x0000000100000000)
  region size 1024K, 21 young (21504K), 3 survivors (3072K)
 Metaspace       used 43499K, committed 44032K, reserved 1114112K
  class space    used 5832K, committed 6080K, reserved 1048576K
}
Event: 14.909 GC heap after
{Heap after GC invocations=13 (full 0):
 garbage-first heap   total 51200K, used 22244K [0x0000000084400000, 0x0000000100000000)
  region size 1024K, 3 young (3072K), 3 survivors (3072K)
 Metaspace       used 43499K, committed 44032K, reserved 1114112K
  class space    used 5832K, committed 6080K, reserved 1048576K
}
Event: 17.706 GC heap before
{Heap before GC invocations=13 (full 0):
 garbage-first heap   total 51200K, used 40676K [0x0000000084400000, 0x0000000100000000)
  region size 1024K, 21 young (21504K), 3 survivors (3072K)
 Metaspace       used 47735K, committed 48256K, reserved 1114112K
  class space    used 6409K, committed 6656K, reserved 1048576K
}
Event: 17.712 GC heap after
{Heap after GC invocations=14 (full 0):
 garbage-first heap   total 51200K, used 23095K [0x0000000084400000, 0x0000000100000000)
  region size 1024K, 2 young (2048K), 2 survivors (2048K)
 Metaspace       used 47735K, committed 48256K, reserved 1114112K
  class space    used 6409K, committed 6656K, reserved 1048576K
}
Event: 19.459 GC heap before
{Heap before GC invocations=14 (full 0):
 garbage-first heap   total 51200K, used 40503K [0x0000000084400000, 0x0000000100000000)
  region size 1024K, 20 young (20480K), 2 survivors (2048K)
 Metaspace       used 53352K, committed 53888K, reserved 1114112K
  class space    used 7297K, committed 7552K, reserved 1048576K
}
Event: 19.465 GC heap after
{Heap after GC invocations=15 (full 0):
 garbage-first heap   total 51200K, used 23928K [0x0000000084400000, 0x0000000100000000)
  region size 1024K, 2 young (2048K), 2 survivors (2048K)
 Metaspace       used 53352K, committed 53888K, reserved 1114112K
  class space    used 7297K, committed 7552K, reserved 1048576K
}
Event: 20.863 GC heap before
{Heap before GC invocations=15 (full 0):
 garbage-first heap   total 51200K, used 40312K [0x0000000084400000, 0x0000000100000000)
  region size 1024K, 19 young (19456K), 2 survivors (2048K)
 Metaspace       used 57340K, committed 57856K, reserved 1114112K
  class space    used 7942K, committed 8192K, reserved 1048576K
}
Event: 20.876 GC heap after
{Heap after GC invocations=16 (full 0):
 garbage-first heap   total 51200K, used 24685K [0x0000000084400000, 0x0000000100000000)
  region size 1024K, 2 young (2048K), 2 survivors (2048K)
 Metaspace       used 57340K, committed 57856K, reserved 1114112K
  class space    used 7942K, committed 8192K, reserved 1048576K
}
Event: 22.248 GC heap before
{Heap before GC invocations=16 (full 0):
 garbage-first heap   total 51200K, used 35949K [0x0000000084400000, 0x0000000100000000)
  region size 1024K, 15 young (15360K), 2 survivors (2048K)
 Metaspace       used 59789K, committed 60288K, reserved 1114112K
  class space    used 8228K, committed 8448K, reserved 1048576K
}
Event: 22.254 GC heap after
{Heap after GC invocations=17 (full 0):
 garbage-first heap   total 51200K, used 25872K [0x0000000084400000, 0x0000000100000000)
  region size 1024K, 3 young (3072K), 3 survivors (3072K)
 Metaspace       used 59789K, committed 60288K, reserved 1114112K
  class space    used 8228K, committed 8448K, reserved 1048576K
}
Event: 23.771 GC heap before
{Heap before GC invocations=18 (full 0):
 garbage-first heap   total 51200K, used 42256K [0x0000000084400000, 0x0000000100000000)
  region size 1024K, 19 young (19456K), 3 survivors (3072K)
 Metaspace       used 62064K, committed 62592K, reserved 1114112K
  class space    used 8662K, committed 8896K, reserved 1048576K
}
Event: 23.804 GC heap after
{Heap after GC invocations=19 (full 0):
 garbage-first heap   total 51200K, used 27304K [0x0000000084400000, 0x0000000100000000)
  region size 1024K, 3 young (3072K), 3 survivors (3072K)
 Metaspace       used 62064K, committed 62592K, reserved 1114112K
  class space    used 8662K, committed 8896K, reserved 1048576K
}
Event: 24.752 GC heap before
{Heap before GC invocations=19 (full 0):
 garbage-first heap   total 51200K, used 42664K [0x0000000084400000, 0x0000000100000000)
  region size 1024K, 18 young (18432K), 3 survivors (3072K)
 Metaspace       used 64138K, committed 64640K, reserved 1114112K
  class space    used 8951K, committed 9216K, reserved 1048576K
}
Event: 24.766 GC heap after
{Heap after GC invocations=20 (full 0):
 garbage-first heap   total 51200K, used 28910K [0x0000000084400000, 0x0000000100000000)
  region size 1024K, 3 young (3072K), 3 survivors (3072K)
 Metaspace       used 64138K, committed 64640K, reserved 1114112K
  class space    used 8951K, committed 9216K, reserved 1048576K
}
Event: 25.736 GC heap before
{Heap before GC invocations=21 (full 0):
 garbage-first heap   total 51200K, used 41198K [0x0000000084400000, 0x0000000100000000)
  region size 1024K, 15 young (15360K), 3 survivors (3072K)
 Metaspace       used 65517K, committed 66176K, reserved 1114112K
  class space    used 9159K, committed 9472K, reserved 1048576K
}
Event: 25.759 GC heap after
{Heap after GC invocations=22 (full 0):
 garbage-first heap   total 51200K, used 30596K [0x0000000084400000, 0x0000000100000000)
  region size 1024K, 2 young (2048K), 2 survivors (2048K)
 Metaspace       used 65517K, committed 66176K, reserved 1114112K
  class space    used 9159K, committed 9472K, reserved 1048576K
}
Event: 96.646 GC heap before
{Heap before GC invocations=22 (full 0):
 garbage-first heap   total 51200K, used 36740K [0x0000000084400000, 0x0000000100000000)
  region size 1024K, 9 young (9216K), 2 survivors (2048K)
 Metaspace       used 66241K, committed 66816K, reserved 1114112K
  class space    used 9261K, committed 9536K, reserved 1048576K
}
Event: 97.260 GC heap after
{Heap after GC invocations=23 (full 1):
 garbage-first heap   total 51200K, used 24536K [0x0000000084400000, 0x0000000100000000)
  region size 1024K, 0 young (0K), 0 survivors (0K)
 Metaspace       used 66238K, committed 66816K, reserved 1114112K
  class space    used 9260K, committed 9536K, reserved 1048576K
}
Event: 99.025 GC heap before
{Heap before GC invocations=23 (full 1):
 garbage-first heap   total 51200K, used 38872K [0x0000000084400000, 0x0000000100000000)
  region size 1024K, 14 young (14336K), 0 survivors (0K)
 Metaspace       used 66372K, committed 66944K, reserved 1114112K
  class space    used 9266K, committed 9536K, reserved 1048576K
}
Event: 99.048 GC heap after
{Heap after GC invocations=24 (full 1):
 garbage-first heap   total 51200K, used 26736K [0x0000000084400000, 0x0000000100000000)
  region size 1024K, 2 young (2048K), 2 survivors (2048K)
 Metaspace       used 66372K, committed 66944K, reserved 1114112K
  class space    used 9266K, committed 9536K, reserved 1048576K
}

